<?xml version="1.0" encoding="UTF-8"?>
<!-- Generated by org.testng.reporters.JUnitReportReporter -->
<testsuite skipped="0" hostname="Tatianas-MacBook-Air.local" name="DATA1.UsingExele" tests="2" failures="0" timestamp="01 Aug 2017 22:00:28 GMT" time="12.654" errors="0">
  <testcase name="testUsingExcel" time="5.883" classname="DATA1.UsingExele"/>
  <testcase name="testUsingExcel" time="6.771" classname="DATA1.UsingExele"/>
</testsuite> <!-- DATA1.UsingExele -->
